2025-08-18 12:15:01 [background-preinit] DEBUG org.jboss.logging - Logging Provider: org.jboss.logging.Slf4jLoggerProvider found via system property
2025-08-18 12:15:01 [background-preinit] INFO  o.h.validator.internal.util.Version - HV000001: Hibernate Validator 8.0.1.Final
2025-08-18 12:15:01 [background-preinit] DEBUG o.h.v.i.x.config.ValidationXmlParser - Trying to load META-INF/validation.xml for XML based Validator configuration.
2025-08-18 12:15:01 [background-preinit] DEBUG o.h.v.i.x.c.ResourceLoaderHelper - Trying to load META-INF/validation.xml via TCCL
2025-08-18 12:15:01 [background-preinit] DEBUG o.h.v.i.x.c.ResourceLoaderHelper - Trying to load META-INF/validation.xml via Hibernate Validator's class loader
2025-08-18 12:15:01 [background-preinit] DEBUG o.h.v.i.x.config.ValidationXmlParser - No META-INF/validation.xml found. Using annotation based configuration only.
2025-08-18 12:15:01 [background-preinit] DEBUG o.h.v.i.e.r.TraversableResolvers - Found jakarta.persistence.Persistence on classpath containing 'getPersistenceUtil'. Assuming JPA 2 environment. Trying to instantiate JPA aware TraversableResolver
2025-08-18 12:15:01 [background-preinit] DEBUG o.h.v.i.e.r.TraversableResolvers - Instantiated JPA aware TraversableResolver of type org.hibernate.validator.internal.engine.resolver.JPATraversableResolver.
2025-08-18 12:15:01 [background-preinit] DEBUG o.h.v.m.ResourceBundleMessageInterpolator - Loaded expression factory via original TCCL
2025-08-18 12:15:01 [restartedMain] INFO  a.n.nkwadoma.NkwadomaApplication - Starting NkwadomaApplication using Java 23 with PID 77568 (/Users/admin/nkwadoma-BE/target/classes started by admin in /Users/admin/nkwadoma-BE)
2025-08-18 12:15:01 [restartedMain] DEBUG a.n.nkwadoma.NkwadomaApplication - Running with Spring Boot v3.3.3, Spring v6.1.12
2025-08-18 12:15:01 [restartedMain] INFO  a.n.nkwadoma.NkwadomaApplication - The following 1 profile is active: "local"
2025-08-18 12:15:01 [restartedMain] INFO  o.s.b.d.e.DevToolsPropertyDefaultsPostProcessor - Devtools property defaults active! Set 'spring.devtools.add-properties' to 'false' to disable
2025-08-18 12:15:01 [restartedMain] INFO  o.s.b.d.e.DevToolsPropertyDefaultsPostProcessor - For additional web related logging consider setting the 'logging.level.web' property to 'DEBUG'
2025-08-18 12:15:01 [background-preinit] DEBUG o.h.v.i.e.ValidatorFactoryConfigurationHelper - HV000252: Using org.hibernate.validator.internal.engine.DefaultPropertyNodeNameProvider as property node name provider.
2025-08-18 12:15:01 [background-preinit] DEBUG o.h.v.i.e.ValidatorFactoryConfigurationHelper - HV000234: Using org.hibernate.validator.messageinterpolation.ResourceBundleMessageInterpolator as ValidatorFactory-scoped message interpolator.
2025-08-18 12:15:01 [background-preinit] DEBUG o.h.v.i.e.ValidatorFactoryConfigurationHelper - HV000234: Using org.hibernate.validator.internal.engine.resolver.JPATraversableResolver as ValidatorFactory-scoped traversable resolver.
2025-08-18 12:15:01 [background-preinit] DEBUG o.h.v.i.e.ValidatorFactoryConfigurationHelper - HV000234: Using org.hibernate.validator.internal.util.ExecutableParameterNameProvider as ValidatorFactory-scoped parameter name provider.
2025-08-18 12:15:01 [background-preinit] DEBUG o.h.v.i.e.ValidatorFactoryConfigurationHelper - HV000234: Using org.hibernate.validator.internal.engine.DefaultClockProvider as ValidatorFactory-scoped clock provider.
2025-08-18 12:15:01 [background-preinit] DEBUG o.h.v.i.e.ValidatorFactoryConfigurationHelper - HV000234: Using org.hibernate.validator.internal.engine.scripting.DefaultScriptEvaluatorFactory as ValidatorFactory-scoped script evaluator factory.
2025-08-18 12:15:01 [restartedMain] WARN  o.s.b.w.s.c.AnnotationConfigServletWebServerApplicationContext - Exception encountered during context initialization - cancelling refresh attempt: org.springframework.beans.factory.BeanDefinitionStoreException: I/O failure while processing configuration class [africa.nkwadoma.nkwadoma.infrastructure.adapters.input.rest.mapper.walletManagement.BankDetailRestMapperImpl]
2025-08-18 12:15:01 [restartedMain] ERROR o.s.boot.SpringApplication - Application run failed
org.springframework.beans.factory.BeanDefinitionStoreException: I/O failure while processing configuration class [africa.nkwadoma.nkwadoma.infrastructure.adapters.input.rest.mapper.walletManagement.BankDetailRestMapperImpl]
	at org.springframework.context.annotation.ConfigurationClassParser.processConfigurationClass(ConfigurationClassParser.java:251)
	at org.springframework.context.annotation.ConfigurationClassParser.parse(ConfigurationClassParser.java:189)
	at org.springframework.context.annotation.ConfigurationClassParser.doProcessConfigurationClass(ConfigurationClassParser.java:314)
	at org.springframework.context.annotation.ConfigurationClassParser.processConfigurationClass(ConfigurationClassParser.java:246)
	at org.springframework.context.annotation.ConfigurationClassParser.parse(ConfigurationClassParser.java:197)
	at org.springframework.context.annotation.ConfigurationClassParser.parse(ConfigurationClassParser.java:165)
	at org.springframework.context.annotation.ConfigurationClassPostProcessor.processConfigBeanDefinitions(ConfigurationClassPostProcessor.java:417)
	at org.springframework.context.annotation.ConfigurationClassPostProcessor.postProcessBeanDefinitionRegistry(ConfigurationClassPostProcessor.java:290)
	at org.springframework.context.support.PostProcessorRegistrationDelegate.invokeBeanDefinitionRegistryPostProcessors(PostProcessorRegistrationDelegate.java:349)
	at org.springframework.context.support.PostProcessorRegistrationDelegate.invokeBeanFactoryPostProcessors(PostProcessorRegistrationDelegate.java:118)
	at org.springframework.context.support.AbstractApplicationContext.invokeBeanFactoryPostProcessors(AbstractApplicationContext.java:789)
	at org.springframework.context.support.AbstractApplicationContext.refresh(AbstractApplicationContext.java:607)
	at org.springframework.boot.web.servlet.context.ServletWebServerApplicationContext.refresh(ServletWebServerApplicationContext.java:146)
	at org.springframework.boot.SpringApplication.refresh(SpringApplication.java:754)
	at org.springframework.boot.SpringApplication.refreshContext(SpringApplication.java:456)
	at org.springframework.boot.SpringApplication.run(SpringApplication.java:335)
	at org.springframework.boot.SpringApplication.run(SpringApplication.java:1363)
	at org.springframework.boot.SpringApplication.run(SpringApplication.java:1352)
	at africa.nkwadoma.nkwadoma.NkwadomaApplication.main(NkwadomaApplication.java:12)
	at java.base/jdk.internal.reflect.DirectMethodHandleAccessor.invoke(DirectMethodHandleAccessor.java:103)
	at java.base/java.lang.reflect.Method.invoke(Method.java:580)
	at org.springframework.boot.devtools.restart.RestartLauncher.run(RestartLauncher.java:50)
Caused by: java.io.FileNotFoundException: class path resource [africa/nkwadoma/nkwadoma/infrastructure/adapters/input/rest/mapper/walletManagement/BankDetailRestMapper.class] cannot be opened because it does not exist
	at org.springframework.core.io.ClassPathResource.getInputStream(ClassPathResource.java:215)
	at org.springframework.core.type.classreading.SimpleMetadataReader.getClassReader(SimpleMetadataReader.java:54)
	at org.springframework.core.type.classreading.SimpleMetadataReader.<init>(SimpleMetadataReader.java:48)
	at org.springframework.core.type.classreading.SimpleMetadataReaderFactory.getMetadataReader(SimpleMetadataReaderFactory.java:103)
	at org.springframework.boot.type.classreading.ConcurrentReferenceCachingMetadataReaderFactory.createMetadataReader(ConcurrentReferenceCachingMetadataReaderFactory.java:86)
	at org.springframework.boot.type.classreading.ConcurrentReferenceCachingMetadataReaderFactory.getMetadataReader(ConcurrentReferenceCachingMetadataReaderFactory.java:73)
	at org.springframework.core.type.classreading.SimpleMetadataReaderFactory.getMetadataReader(SimpleMetadataReaderFactory.java:81)
	at org.springframework.context.annotation.ConfigurationClassParser.asSourceClass(ConfigurationClassParser.java:630)
	at org.springframework.context.annotation.ConfigurationClassParser$SourceClass.getInterfaces(ConfigurationClassParser.java:956)
	at org.springframework.context.annotation.ConfigurationClassParser.processInterfaces(ConfigurationClassParser.java:396)
	at org.springframework.context.annotation.ConfigurationClassParser.doProcessConfigurationClass(ConfigurationClassParser.java:342)
	at org.springframework.context.annotation.ConfigurationClassParser.processConfigurationClass(ConfigurationClassParser.java:246)
	... 21 common frames omitted
2025-08-18 12:15:10 [background-preinit] DEBUG org.jboss.logging - Logging Provider: org.jboss.logging.Slf4jLoggerProvider found via system property
2025-08-18 12:15:10 [background-preinit] INFO  o.h.validator.internal.util.Version - HV000001: Hibernate Validator 8.0.1.Final
2025-08-18 12:15:10 [restartedMain] INFO  a.n.nkwadoma.NkwadomaApplication - Starting NkwadomaApplication using Java 23 with PID 77575 (/Users/admin/nkwadoma-BE/target/classes started by admin in /Users/admin/nkwadoma-BE)
2025-08-18 12:15:10 [restartedMain] DEBUG a.n.nkwadoma.NkwadomaApplication - Running with Spring Boot v3.3.3, Spring v6.1.12
2025-08-18 12:15:10 [restartedMain] INFO  a.n.nkwadoma.NkwadomaApplication - The following 1 profile is active: "local"
2025-08-18 12:15:10 [restartedMain] INFO  o.s.b.d.e.DevToolsPropertyDefaultsPostProcessor - Devtools property defaults active! Set 'spring.devtools.add-properties' to 'false' to disable
2025-08-18 12:15:10 [restartedMain] INFO  o.s.b.d.e.DevToolsPropertyDefaultsPostProcessor - For additional web related logging consider setting the 'logging.level.web' property to 'DEBUG'
2025-08-18 12:15:11 [restartedMain] WARN  o.s.b.w.s.c.AnnotationConfigServletWebServerApplicationContext - Exception encountered during context initialization - cancelling refresh attempt: org.springframework.beans.factory.BeanDefinitionStoreException: I/O failure while processing configuration class [africa.nkwadoma.nkwadoma.infrastructure.adapters.input.rest.mapper.walletManagement.BankDetailRestMapperImpl]
2025-08-18 12:15:11 [restartedMain] ERROR o.s.boot.SpringApplication - Application run failed
org.springframework.beans.factory.BeanDefinitionStoreException: I/O failure while processing configuration class [africa.nkwadoma.nkwadoma.infrastructure.adapters.input.rest.mapper.walletManagement.BankDetailRestMapperImpl]
	at org.springframework.context.annotation.ConfigurationClassParser.processConfigurationClass(ConfigurationClassParser.java:251)
	at org.springframework.context.annotation.ConfigurationClassParser.parse(ConfigurationClassParser.java:189)
	at org.springframework.context.annotation.ConfigurationClassParser.doProcessConfigurationClass(ConfigurationClassParser.java:314)
	at org.springframework.context.annotation.ConfigurationClassParser.processConfigurationClass(ConfigurationClassParser.java:246)
	at org.springframework.context.annotation.ConfigurationClassParser.parse(ConfigurationClassParser.java:197)
	at org.springframework.context.annotation.ConfigurationClassParser.parse(ConfigurationClassParser.java:165)
	at org.springframework.context.annotation.ConfigurationClassPostProcessor.processConfigBeanDefinitions(ConfigurationClassPostProcessor.java:417)
	at org.springframework.context.annotation.ConfigurationClassPostProcessor.postProcessBeanDefinitionRegistry(ConfigurationClassPostProcessor.java:290)
	at org.springframework.context.support.PostProcessorRegistrationDelegate.invokeBeanDefinitionRegistryPostProcessors(PostProcessorRegistrationDelegate.java:349)
	at org.springframework.context.support.PostProcessorRegistrationDelegate.invokeBeanFactoryPostProcessors(PostProcessorRegistrationDelegate.java:118)
	at org.springframework.context.support.AbstractApplicationContext.invokeBeanFactoryPostProcessors(AbstractApplicationContext.java:789)
	at org.springframework.context.support.AbstractApplicationContext.refresh(AbstractApplicationContext.java:607)
	at org.springframework.boot.web.servlet.context.ServletWebServerApplicationContext.refresh(ServletWebServerApplicationContext.java:146)
	at org.springframework.boot.SpringApplication.refresh(SpringApplication.java:754)
	at org.springframework.boot.SpringApplication.refreshContext(SpringApplication.java:456)
	at org.springframework.boot.SpringApplication.run(SpringApplication.java:335)
	at org.springframework.boot.SpringApplication.run(SpringApplication.java:1363)
	at org.springframework.boot.SpringApplication.run(SpringApplication.java:1352)
	at africa.nkwadoma.nkwadoma.NkwadomaApplication.main(NkwadomaApplication.java:12)
	at java.base/jdk.internal.reflect.DirectMethodHandleAccessor.invoke(DirectMethodHandleAccessor.java:103)
	at java.base/java.lang.reflect.Method.invoke(Method.java:580)
	at org.springframework.boot.devtools.restart.RestartLauncher.run(RestartLauncher.java:50)
Caused by: java.io.FileNotFoundException: class path resource [africa/nkwadoma/nkwadoma/infrastructure/adapters/input/rest/mapper/walletManagement/BankDetailRestMapper.class] cannot be opened because it does not exist
	at org.springframework.core.io.ClassPathResource.getInputStream(ClassPathResource.java:215)
	at org.springframework.core.type.classreading.SimpleMetadataReader.getClassReader(SimpleMetadataReader.java:54)
	at org.springframework.core.type.classreading.SimpleMetadataReader.<init>(SimpleMetadataReader.java:48)
	at org.springframework.core.type.classreading.SimpleMetadataReaderFactory.getMetadataReader(SimpleMetadataReaderFactory.java:103)
	at org.springframework.boot.type.classreading.ConcurrentReferenceCachingMetadataReaderFactory.createMetadataReader(ConcurrentReferenceCachingMetadataReaderFactory.java:86)
	at org.springframework.boot.type.classreading.ConcurrentReferenceCachingMetadataReaderFactory.getMetadataReader(ConcurrentReferenceCachingMetadataReaderFactory.java:73)
	at org.springframework.core.type.classreading.SimpleMetadataReaderFactory.getMetadataReader(SimpleMetadataReaderFactory.java:81)
	at org.springframework.context.annotation.ConfigurationClassParser.asSourceClass(ConfigurationClassParser.java:630)
	at org.springframework.context.annotation.ConfigurationClassParser$SourceClass.getInterfaces(ConfigurationClassParser.java:956)
	at org.springframework.context.annotation.ConfigurationClassParser.processInterfaces(ConfigurationClassParser.java:396)
	at org.springframework.context.annotation.ConfigurationClassParser.doProcessConfigurationClass(ConfigurationClassParser.java:342)
	at org.springframework.context.annotation.ConfigurationClassParser.processConfigurationClass(ConfigurationClassParser.java:246)
	... 21 common frames omitted
2025-08-18 12:16:08 [background-preinit] DEBUG org.jboss.logging - Logging Provider: org.jboss.logging.Slf4jLoggerProvider found via system property
2025-08-18 12:16:08 [background-preinit] INFO  o.h.validator.internal.util.Version - HV000001: Hibernate Validator 8.0.1.Final
2025-08-18 12:16:08 [restartedMain] INFO  a.n.nkwadoma.NkwadomaApplication - Starting NkwadomaApplication using Java 23 with PID 77750 (/Users/admin/nkwadoma-BE/target/classes started by admin in /Users/admin/nkwadoma-BE)
2025-08-18 12:16:08 [restartedMain] DEBUG a.n.nkwadoma.NkwadomaApplication - Running with Spring Boot v3.3.3, Spring v6.1.12
2025-08-18 12:16:08 [restartedMain] INFO  a.n.nkwadoma.NkwadomaApplication - The following 1 profile is active: "local"
2025-08-18 12:16:08 [restartedMain] INFO  o.s.b.d.e.DevToolsPropertyDefaultsPostProcessor - Devtools property defaults active! Set 'spring.devtools.add-properties' to 'false' to disable
2025-08-18 12:16:08 [restartedMain] INFO  o.s.b.d.e.DevToolsPropertyDefaultsPostProcessor - For additional web related logging consider setting the 'logging.level.web' property to 'DEBUG'
2025-08-18 12:16:09 [restartedMain] INFO  o.s.d.r.c.RepositoryConfigurationDelegate - Bootstrapping Spring Data JPA repositories in DEFAULT mode.
2025-08-18 12:16:09 [restartedMain] INFO  o.s.d.r.c.RepositoryConfigurationDelegate - Finished Spring Data repository scanning in 94 ms. Found 48 JPA repository interfaces.
2025-08-18 12:16:10 [restartedMain] INFO  o.s.b.w.e.tomcat.TomcatWebServer - Tomcat initialized with port 8081 (http)
2025-08-18 12:16:10 [restartedMain] INFO  o.a.coyote.http11.Http11NioProtocol - Initializing ProtocolHandler ["http-nio-8081"]
2025-08-18 12:16:10 [restartedMain] INFO  o.a.catalina.core.StandardService - Starting service [Tomcat]
2025-08-18 12:16:10 [restartedMain] INFO  o.a.catalina.core.StandardEngine - Starting Servlet engine: [Apache Tomcat/10.1.28]
2025-08-18 12:16:10 [restartedMain] INFO  o.a.c.c.C.[.[localhost].[/api/v2] - Initializing Spring embedded WebApplicationContext
2025-08-18 12:16:10 [restartedMain] INFO  o.s.b.w.s.c.ServletWebServerApplicationContext - Root WebApplicationContext: initialization completed in 1460 ms
2025-08-18 12:16:10 [restartedMain] INFO  com.zaxxer.hikari.HikariDataSource - HikariPool-1 - Starting...
2025-08-18 12:16:10 [restartedMain] INFO  com.zaxxer.hikari.pool.HikariPool - HikariPool-1 - Added connection org.postgresql.jdbc.PgConnection@18c9c32a
2025-08-18 12:16:10 [restartedMain] INFO  com.zaxxer.hikari.HikariDataSource - HikariPool-1 - Start completed.
2025-08-18 12:16:10 [restartedMain] INFO  org.flywaydb.core.FlywayExecutor - Database: jdbc:postgresql://localhost:5431/postgres (PostgreSQL 17.4)
2025-08-18 12:16:10 [restartedMain] INFO  o.f.core.internal.command.DbMigrate - Current version of schema "public": 6.13
2025-08-18 12:16:10 [restartedMain] WARN  o.f.core.internal.command.DbMigrate - Schema "public" has a version (6.13) that is newer than the latest available migration (6.8) !
2025-08-18 12:16:10 [restartedMain] INFO  o.f.core.internal.command.DbMigrate - Schema "public" is up to date. No migration necessary.
2025-08-18 12:16:10 [restartedMain] INFO  o.h.jpa.internal.util.LogHelper - HHH000204: Processing PersistenceUnitInfo [name: default]
2025-08-18 12:16:10 [restartedMain] INFO  org.hibernate.Version - HHH000412: Hibernate ORM core version 6.5.2.Final
2025-08-18 12:16:10 [restartedMain] INFO  o.h.c.i.RegionFactoryInitiator - HHH000026: Second-level cache disabled
2025-08-18 12:16:10 [restartedMain] INFO  o.s.o.j.p.SpringPersistenceUnitInfo - No LoadTimeWeaver setup: ignoring JPA class transformer
2025-08-18 12:16:10 [restartedMain] WARN  org.hibernate.orm.deprecation - HHH90000025: PostgreSQLDialect does not need to be specified explicitly using 'hibernate.dialect' (remove the property setting and it will be selected by default)
2025-08-18 12:16:11 [restartedMain] INFO  o.h.e.t.j.p.i.JtaPlatformInitiator - HHH000489: No JTA platform available (set 'hibernate.transaction.jta.platform' to enable JTA platform integration)
2025-08-18 12:16:11 [restartedMain] WARN  o.h.e.jdbc.spi.SqlExceptionHelper - SQL Warning Code: 0, SQLState: 42622
2025-08-18 12:16:11 [restartedMain] WARN  o.h.e.jdbc.spi.SqlExceptionHelper - identifier "investment_vehicle_financier_entity_investment_vehicle_designation" will be truncated to "investment_vehicle_financier_entity_investment_vehicle_designat"
2025-08-18 12:16:11 [restartedMain] WARN  o.h.e.jdbc.spi.SqlExceptionHelper - SQL Warning Code: 0, SQLState: 00000
2025-08-18 12:16:11 [restartedMain] WARN  o.h.e.jdbc.spi.SqlExceptionHelper - drop cascades to constraint fk6tmphdpaa1jntik0tf9uy1ip1 on table cooperate_financier_entity
2025-08-18 12:16:11 [restartedMain] WARN  o.h.e.jdbc.spi.SqlExceptionHelper - SQL Warning Code: 0, SQLState: 00000
2025-08-18 12:16:11 [restartedMain] WARN  o.h.e.jdbc.spi.SqlExceptionHelper - drop cascades to constraint fk9qafnylw98u5d9cnym0gawvg2 on table cooperate_financier_entity
2025-08-18 12:16:11 [restartedMain] WARN  o.h.e.jdbc.spi.SqlExceptionHelper - SQL Warning Code: 0, SQLState: 42622
2025-08-18 12:16:11 [restartedMain] WARN  o.h.e.jdbc.spi.SqlExceptionHelper - identifier "investment_vehicle_financier_entity_investment_vehicle_designation" will be truncated to "investment_vehicle_financier_entity_investment_vehicle_designat"
2025-08-18 12:16:11 [restartedMain] WARN  o.h.e.jdbc.spi.SqlExceptionHelper - SQL Warning Code: 0, SQLState: 42622
2025-08-18 12:16:11 [restartedMain] WARN  o.h.e.jdbc.spi.SqlExceptionHelper - identifier "investment_vehicle_financier_entity_investment_vehicle_designation" will be truncated to "investment_vehicle_financier_entity_investment_vehicle_designat"
2025-08-18 12:16:11 [restartedMain] WARN  o.h.e.jdbc.spi.SqlExceptionHelper - SQL Warning Code: 0, SQLState: 42622
2025-08-18 12:16:11 [restartedMain] WARN  o.h.e.jdbc.spi.SqlExceptionHelper - identifier "investment_vehicle_financier_entity_investment_vehicle_designation" will be truncated to "investment_vehicle_financier_entity_investment_vehicle_designat"
2025-08-18 12:16:11 [restartedMain] INFO  o.s.o.j.LocalContainerEntityManagerFactoryBean - Initialized JPA EntityManagerFactory for persistence unit 'default'
2025-08-18 12:16:12 [restartedMain] INFO  o.s.d.j.r.query.QueryEnhancerFactory - Hibernate is in classpath; If applicable, HQL parser will be used.
2025-08-18 12:16:12 [restartedMain] DEBUG a.n.n.i.a.c.CustomAuthorizationFilter - Filter 'customAuthorizationFilter' configured for use
2025-08-18 12:16:15 [restartedMain] INFO  a.n.n.i.a.o.i.KeycloakAdapter - Done validating user identity details in keycloak adapter : UserIdentity(id=null, email=local@host.com, firstName=stack, lastName=ned, phoneNumber=null, emailVerified=false, isIdentityVerified=false, enabled=false, createdAt=2025-08-18T12:16:15.270409, image=null, gender=null, dateOfBirth=null, stateOfOrigin=null, maritalStatus=null, stateOfResidence=null, nationality=null, residentialAddress=null, lgaOfOrigin=null, middleName=null, State=null, lgaOfResidence=null, nameOnCard=null, role=MEEDL_SUPER_ADMIN, createdBy=fbff2481-09df-4355-937c-5ba7be44f7b5, alternateEmail=null, alternatePhoneNumber=null, alternateContactAddress=null, password=null, accessToken=null, refreshToken=null, newPassword=null, organizationDomain=null, deactivationReason=null, reactivationReason=null, bvn=null, nin=null, address=null, taxId=null, additionalDetailsCompleted=false, nextOfKin=null, bankDetail=null, MFAPhoneNumber=null, enablePhoneNumberMFA=false, enableEmailMFA=false, MFAEnabled=false, disableMFA=false)
2025-08-18 12:16:15 [restartedMain] ERROR a.n.n.i.a.o.i.KeycloakAdapter - Conflict - User with this identity already exists --- Error occurred on attempting to create user on keycloak
2025-08-18 12:16:15 [restartedMain] WARN  a.n.n.i.a.i.r.s.AdminInitializer - Unable to create user on identity manager, error : User with this identity already exists
2025-08-18 12:16:15 [restartedMain] INFO  a.n.n.i.a.o.i.KeycloakAdapter - Getting user representation for user with email local@host.com
2025-08-18 12:16:15 [restartedMain] INFO  a.n.n.i.a.i.r.s.AdminInitializer - user representation email in admin initializer local@host.com , id : 2f5b34d7-d37d-482d-bfa5-ca92e8fe6764
2025-08-18 12:16:15 [restartedMain] INFO  a.n.n.i.a.i.r.s.AdminInitializer - First user, after saving on keycloak: UserIdentity(id=2f5b34d7-d37d-482d-bfa5-ca92e8fe6764, email=local@host.com, firstName=stack, lastName=ned, phoneNumber=null, emailVerified=false, isIdentityVerified=false, enabled=false, createdAt=2025-08-18T12:16:15.270409, image=null, gender=null, dateOfBirth=null, stateOfOrigin=null, maritalStatus=null, stateOfResidence=null, nationality=null, residentialAddress=null, lgaOfOrigin=null, middleName=null, State=null, lgaOfResidence=null, nameOnCard=null, role=MEEDL_SUPER_ADMIN, createdBy=fbff2481-09df-4355-937c-5ba7be44f7b5, alternateEmail=null, alternatePhoneNumber=null, alternateContactAddress=null, password=null, accessToken=null, refreshToken=null, newPassword=null, organizationDomain=null, deactivationReason=null, reactivationReason=null, bvn=null, nin=null, address=null, taxId=null, additionalDetailsCompleted=false, nextOfKin=null, bankDetail=null, MFAPhoneNumber=null, enablePhoneNumberMFA=false, enableEmailMFA=false, MFAEnabled=false, disableMFA=false)
2025-08-18 12:16:15 [restartedMain] DEBUG i.m.c.u.i.l.InternalLoggerFactory - Using SLF4J as the default logging framework
2025-08-18 12:16:15 [restartedMain] WARN  a.n.n.i.a.i.r.s.AdminInitializer - First user not found, creating first user: Email address cannot be found
2025-08-18 12:16:15 [restartedMain] INFO  a.n.n.i.a.i.r.s.AdminInitializer - First user after finding, before saving to db: null
2025-08-18 12:16:15 [restartedMain] INFO  a.n.n.d.model.identity.UserIdentity - Started validating for user identity in validation
2025-08-18 12:16:15 [restartedMain] INFO  a.n.n.d.validation.MeedlValidator - validateUUID fbff2481-09df-4355-937c-5ba7be44f7b5
2025-08-18 12:16:15 [restartedMain] INFO  a.n.n.d.model.identity.UserIdentity - Creator ID: fbff2481-09df-4355-937c-5ba7be44f7b5
2025-08-18 12:16:15 [restartedMain] INFO  a.n.n.d.model.identity.UserIdentity - Finished validating for user identity in validation
2025-08-18 12:16:15 [restartedMain] INFO  a.n.n.i.a.o.i.UserIdentityAdapter - User in adapter before being mapped to save: UserIdentity(id=2f5b34d7-d37d-482d-bfa5-ca92e8fe6764, email=local@host.com, firstName=stack, lastName=ned, phoneNumber=null, emailVerified=false, isIdentityVerified=false, enabled=false, createdAt=2025-08-18T12:16:15.270409, image=null, gender=null, dateOfBirth=null, stateOfOrigin=null, maritalStatus=null, stateOfResidence=null, nationality=null, residentialAddress=null, lgaOfOrigin=null, middleName=null, State=null, lgaOfResidence=null, nameOnCard=null, role=MEEDL_SUPER_ADMIN, createdBy=fbff2481-09df-4355-937c-5ba7be44f7b5, alternateEmail=null, alternatePhoneNumber=null, alternateContactAddress=null, password=null, accessToken=null, refreshToken=null, newPassword=null, organizationDomain=null, deactivationReason=null, reactivationReason=null, bvn=null, nin=null, address=null, taxId=null, additionalDetailsCompleted=false, nextOfKin=null, bankDetail=null, MFAPhoneNumber=null, enablePhoneNumberMFA=false, enableEmailMFA=false, MFAEnabled=false, disableMFA=false)
2025-08-18 12:16:15 [restartedMain] INFO  a.n.n.i.a.o.i.OrganizationIdentityAdapter - Find organization with rcNumber RC2892832
2025-08-18 12:16:15 [restartedMain] INFO  a.n.n.i.a.i.r.s.AdminInitializer - Creating first organization identity
2025-08-18 12:16:15 [restartedMain] INFO  a.n.n.d.m.i.OrganizationIdentity - The organization being validated : Meedl
2025-08-18 12:16:15 [restartedMain] INFO  a.n.n.d.m.i.OrganizationIdentity - [ServiceOffering(id=null, name=TRAINING, industry=EDUCATION, transactionLowerBound=null, transactionUpperBound=null)]
2025-08-18 12:16:15 [restartedMain] INFO  a.n.n.d.m.i.OrganizationIdentity - Organization identity validation completed successfully Meedl
2025-08-18 12:16:15 [restartedMain] INFO  a.n.n.i.a.o.i.KeycloakAdapter - Keycloak service validated organization ... OrganizationIdentity(id=null, name=Meedl, email=meedl@meedl.com, websiteAddress=null, invitedDate=2025-08-18T12:16:15.631841, rcNumber=RC2892832, tin=kwadoma2189, phoneNumber=0908965321, numberOfPrograms=0, isEnabled=true, createdBy=null, updatedBy=null, loanRequestCount=0, loanDisbursalCount=0, loanOfferCount=0, loanReferralCount=0, loanType=null, timeUpdated=null, serviceOfferings=[ServiceOffering(id=null, name=TRAINING, industry=EDUCATION, transactionLowerBound=null, transactionUpperBound=null)], status=ACTIVE, userIdentity=null, organizationEmployees=[OrganizationEmployeeIdentity(id=null, userId=null, name=null, organization=null, activationStatus=null, identityRoles=null, activationStatuses=null, meedlUser=UserIdentity(id=2f5b34d7-d37d-482d-bfa5-ca92e8fe6764, email=local@host.com, firstName=stack, lastName=ned, phoneNumber=null, emailVerified=false, isIdentityVerified=false, enabled=false, createdAt=2025-08-18T12:16:15.270409, image=null, gender=null, dateOfBirth=null, stateOfOrigin=null, maritalStatus=null, stateOfResidence=null, nationality=null, residentialAddress=null, lgaOfOrigin=null, middleName=null, State=null, lgaOfResidence=null, nameOnCard=null, role=MEEDL_SUPER_ADMIN, createdBy=fbff2481-09df-4355-937c-5ba7be44f7b5, alternateEmail=null, alternatePhoneNumber=null, alternateContactAddress=null, password=null, accessToken=null, refreshToken=null, newPassword=null, organizationDomain=null, deactivationReason=null, reactivationReason=null, bvn=null, nin=null, address=null, taxId=null, additionalDetailsCompleted=false, nextOfKin=null, bankDetail=null, MFAPhoneNumber=null, enablePhoneNumberMFA=false, enableEmailMFA=false, MFAEnabled=false, disableMFA=false), pageNumber=0, pageSize=10)], numberOfLoanees=0, stillInTraining=0, numberOfCohort=0, totalDebtRepaid=null, totalCurrentDebt=null, totalHistoricalDebt=null, totalAmountReceived=null, totalAmountRequested=null, repaymentRate=0.0, debtPercentage=0.0, pendingLoanOfferCount=0, pageSize=0, pageNumber=0, actorId=null, logoImage=null, bannerImage=null, address=null, officeAddress=null)
2025-08-18 12:16:15 [restartedMain] ERROR a.n.n.i.a.o.i.KeycloakAdapter - Conflict - Client already exists.
2025-08-18 12:16:15 [restartedMain] WARN  a.n.n.i.a.i.r.s.AdminInitializer - Failed to create organization identity's client representation for first organization Client already exists
2025-08-18 12:16:15 [restartedMain] INFO  a.n.n.i.a.i.r.s.AdminInitializer - Creating first organization identity OrganizationIdentity(id=66a6741c-19db-4ee9-9dde-0ead276e66c8, name=Meedl, email=meedl@meedl.com, websiteAddress=null, invitedDate=2025-08-18T12:16:15.631841, rcNumber=RC2892832, tin=kwadoma2189, phoneNumber=0908965321, numberOfPrograms=0, isEnabled=true, createdBy=null, updatedBy=null, loanRequestCount=0, loanDisbursalCount=0, loanOfferCount=0, loanReferralCount=0, loanType=null, timeUpdated=null, serviceOfferings=[ServiceOffering(id=null, name=TRAINING, industry=EDUCATION, transactionLowerBound=null, transactionUpperBound=null)], status=ACTIVE, userIdentity=null, organizationEmployees=[OrganizationEmployeeIdentity(id=null, userId=null, name=null, organization=null, activationStatus=null, identityRoles=null, activationStatuses=null, meedlUser=UserIdentity(id=2f5b34d7-d37d-482d-bfa5-ca92e8fe6764, email=local@host.com, firstName=stack, lastName=ned, phoneNumber=null, emailVerified=false, isIdentityVerified=false, enabled=false, createdAt=2025-08-18T12:16:15.270409, image=null, gender=null, dateOfBirth=null, stateOfOrigin=null, maritalStatus=null, stateOfResidence=null, nationality=null, residentialAddress=null, lgaOfOrigin=null, middleName=null, State=null, lgaOfResidence=null, nameOnCard=null, role=MEEDL_SUPER_ADMIN, createdBy=fbff2481-09df-4355-937c-5ba7be44f7b5, alternateEmail=null, alternatePhoneNumber=null, alternateContactAddress=null, password=null, accessToken=null, refreshToken=null, newPassword=null, organizationDomain=null, deactivationReason=null, reactivationReason=null, bvn=null, nin=null, address=null, taxId=null, additionalDetailsCompleted=false, nextOfKin=null, bankDetail=null, MFAPhoneNumber=null, enablePhoneNumberMFA=false, enableEmailMFA=false, MFAEnabled=false, disableMFA=false), pageNumber=0, pageSize=10)], numberOfLoanees=0, stillInTraining=0, numberOfCohort=0, totalDebtRepaid=null, totalCurrentDebt=null, totalHistoricalDebt=null, totalAmountReceived=null, totalAmountRequested=null, repaymentRate=0.0, debtPercentage=0.0, pendingLoanOfferCount=0, pageSize=0, pageNumber=0, actorId=null, logoImage=null, bannerImage=null, address=null, officeAddress=null)
2025-08-18 12:16:15 [restartedMain] INFO  a.n.n.i.a.o.i.OrganizationIdentityAdapter - Organization identity before saving OrganizationIdentity(id=66a6741c-19db-4ee9-9dde-0ead276e66c8, name=Meedl, email=meedl@meedl.com, websiteAddress=null, invitedDate=2025-08-18T12:16:15.631841, rcNumber=RC2892832, tin=kwadoma2189, phoneNumber=0908965321, numberOfPrograms=0, isEnabled=true, createdBy=null, updatedBy=null, loanRequestCount=0, loanDisbursalCount=0, loanOfferCount=0, loanReferralCount=0, loanType=null, timeUpdated=null, serviceOfferings=[ServiceOffering(id=null, name=TRAINING, industry=EDUCATION, transactionLowerBound=null, transactionUpperBound=null)], status=ACTIVE, userIdentity=null, organizationEmployees=[OrganizationEmployeeIdentity(id=null, userId=null, name=null, organization=null, activationStatus=null, identityRoles=null, activationStatuses=null, meedlUser=UserIdentity(id=2f5b34d7-d37d-482d-bfa5-ca92e8fe6764, email=local@host.com, firstName=stack, lastName=ned, phoneNumber=null, emailVerified=false, isIdentityVerified=false, enabled=false, createdAt=2025-08-18T12:16:15.270409, image=null, gender=null, dateOfBirth=null, stateOfOrigin=null, maritalStatus=null, stateOfResidence=null, nationality=null, residentialAddress=null, lgaOfOrigin=null, middleName=null, State=null, lgaOfResidence=null, nameOnCard=null, role=MEEDL_SUPER_ADMIN, createdBy=fbff2481-09df-4355-937c-5ba7be44f7b5, alternateEmail=null, alternatePhoneNumber=null, alternateContactAddress=null, password=null, accessToken=null, refreshToken=null, newPassword=null, organizationDomain=null, deactivationReason=null, reactivationReason=null, bvn=null, nin=null, address=null, taxId=null, additionalDetailsCompleted=false, nextOfKin=null, bankDetail=null, MFAPhoneNumber=null, enablePhoneNumberMFA=false, enableEmailMFA=false, MFAEnabled=false, disableMFA=false), pageNumber=0, pageSize=10)], numberOfLoanees=0, stillInTraining=0, numberOfCohort=0, totalDebtRepaid=null, totalCurrentDebt=null, totalHistoricalDebt=null, totalAmountReceived=null, totalAmountRequested=null, repaymentRate=0.0, debtPercentage=0.0, pendingLoanOfferCount=0, pageSize=0, pageNumber=0, actorId=null, logoImage=null, bannerImage=null, address=null, officeAddress=null)
2025-08-18 12:16:15 [restartedMain] INFO  a.n.n.d.m.i.OrganizationIdentity - The organization being validated : Meedl
2025-08-18 12:16:15 [restartedMain] INFO  a.n.n.d.m.i.OrganizationIdentity - [ServiceOffering(id=null, name=TRAINING, industry=EDUCATION, transactionLowerBound=null, transactionUpperBound=null)]
2025-08-18 12:16:15 [restartedMain] INFO  a.n.n.d.m.i.OrganizationIdentity - Organization identity validation completed successfully Meedl
2025-08-18 12:16:15 [restartedMain] INFO  a.n.n.d.validation.MeedlValidator - Started validating for user identities (List) : [OrganizationEmployeeIdentity(id=null, userId=null, name=null, organization=null, activationStatus=null, identityRoles=null, activationStatuses=null, meedlUser=UserIdentity(id=2f5b34d7-d37d-482d-bfa5-ca92e8fe6764, email=local@host.com, firstName=stack, lastName=ned, phoneNumber=null, emailVerified=false, isIdentityVerified=false, enabled=false, createdAt=2025-08-18T12:16:15.270409, image=null, gender=null, dateOfBirth=null, stateOfOrigin=null, maritalStatus=null, stateOfResidence=null, nationality=null, residentialAddress=null, lgaOfOrigin=null, middleName=null, State=null, lgaOfResidence=null, nameOnCard=null, role=MEEDL_SUPER_ADMIN, createdBy=fbff2481-09df-4355-937c-5ba7be44f7b5, alternateEmail=null, alternatePhoneNumber=null, alternateContactAddress=null, password=null, accessToken=null, refreshToken=null, newPassword=null, organizationDomain=null, deactivationReason=null, reactivationReason=null, bvn=null, nin=null, address=null, taxId=null, additionalDetailsCompleted=false, nextOfKin=null, bankDetail=null, MFAPhoneNumber=null, enablePhoneNumberMFA=false, enableEmailMFA=false, MFAEnabled=false, disableMFA=false), pageNumber=0, pageSize=10)]
2025-08-18 12:16:15 [restartedMain] INFO  a.n.n.d.validation.MeedlValidator - validating to check for empty list : false
2025-08-18 12:16:15 [restartedMain] INFO  a.n.n.d.model.identity.UserIdentity - Started validating for user identity in validation
2025-08-18 12:16:15 [restartedMain] INFO  a.n.n.d.validation.MeedlValidator - validateUUID fbff2481-09df-4355-937c-5ba7be44f7b5
2025-08-18 12:16:15 [restartedMain] INFO  a.n.n.d.model.identity.UserIdentity - Creator ID: fbff2481-09df-4355-937c-5ba7be44f7b5
2025-08-18 12:16:15 [restartedMain] INFO  a.n.n.d.model.identity.UserIdentity - Finished validating for user identity in validation
2025-08-18 12:16:15 [restartedMain] INFO  a.n.n.d.validation.MeedlValidator - Users identity validation completed... for user [OrganizationEmployeeIdentity(id=null, userId=null, name=null, organization=null, activationStatus=null, identityRoles=null, activationStatuses=null, meedlUser=UserIdentity(id=2f5b34d7-d37d-482d-bfa5-ca92e8fe6764, email=local@host.com, firstName=stack, lastName=ned, phoneNumber=null, emailVerified=false, isIdentityVerified=false, enabled=false, createdAt=2025-08-18T12:16:15.270409, image=null, gender=null, dateOfBirth=null, stateOfOrigin=null, maritalStatus=null, stateOfResidence=null, nationality=null, residentialAddress=null, lgaOfOrigin=null, middleName=null, State=null, lgaOfResidence=null, nameOnCard=null, role=MEEDL_SUPER_ADMIN, createdBy=fbff2481-09df-4355-937c-5ba7be44f7b5, alternateEmail=null, alternatePhoneNumber=null, alternateContactAddress=null, password=null, accessToken=null, refreshToken=null, newPassword=null, organizationDomain=null, deactivationReason=null, reactivationReason=null, bvn=null, nin=null, address=null, taxId=null, additionalDetailsCompleted=false, nextOfKin=null, bankDetail=null, MFAPhoneNumber=null, enablePhoneNumberMFA=false, enableEmailMFA=false, MFAEnabled=false, disableMFA=false), pageNumber=0, pageSize=10)] 
2025-08-18 12:16:15 [restartedMain] INFO  a.n.n.i.a.o.i.OrganizationIdentityAdapter - Saving all service offerings
2025-08-18 12:16:15 [restartedMain] INFO  a.n.n.i.a.o.i.OrganizationIdentityAdapter - Organization entity saved successfully africa.nkwadoma.nkwadoma.infrastructure.adapters.output.persistence.entity.organization.OrganizationEntity@2770ffb9
2025-08-18 12:16:15 [restartedMain] INFO  a.n.n.i.a.o.i.OrganizationIdentityAdapter - Organization entity saved successfully
2025-08-18 12:16:15 [restartedMain] INFO  a.n.n.i.a.i.r.s.AdminInitializer - Saved organization identity OrganizationIdentity(id=66a6741c-19db-4ee9-9dde-0ead276e66c8, name=Meedl, email=meedl@meedl.com, websiteAddress=null, invitedDate=2025-08-18T12:16:15.680189, rcNumber=RC2892832, tin=kwadoma2189, phoneNumber=0908965321, numberOfPrograms=0, isEnabled=false, createdBy=null, updatedBy=null, loanRequestCount=0, loanDisbursalCount=0, loanOfferCount=0, loanReferralCount=0, loanType=null, timeUpdated=null, serviceOfferings=[ServiceOffering(id=1c6faaa0-0165-469c-b846-0aace3dc5edd, name=TRAINING, industry=EDUCATION, transactionLowerBound=0, transactionUpperBound=0)], status=ACTIVE, userIdentity=null, organizationEmployees=null, numberOfLoanees=0, stillInTraining=0, numberOfCohort=0, totalDebtRepaid=null, totalCurrentDebt=null, totalHistoricalDebt=null, totalAmountReceived=null, totalAmountRequested=null, repaymentRate=0.0, debtPercentage=0.0, pendingLoanOfferCount=0, pageSize=0, pageNumber=0, actorId=null, logoImage=null, bannerImage=null, address=null, officeAddress=null)
2025-08-18 12:16:15 [restartedMain] INFO  a.n.n.i.a.i.r.s.AdminInitializer - Saving organization identity OrganizationIdentity(id=66a6741c-19db-4ee9-9dde-0ead276e66c8, name=Meedl, email=meedl@meedl.com, websiteAddress=null, invitedDate=2025-08-18T12:16:15.680189, rcNumber=RC2892832, tin=kwadoma2189, phoneNumber=0908965321, numberOfPrograms=0, isEnabled=false, createdBy=null, updatedBy=null, loanRequestCount=0, loanDisbursalCount=0, loanOfferCount=0, loanReferralCount=0, loanType=null, timeUpdated=null, serviceOfferings=[ServiceOffering(id=1c6faaa0-0165-469c-b846-0aace3dc5edd, name=TRAINING, industry=EDUCATION, transactionLowerBound=0, transactionUpperBound=0)], status=ACTIVE, userIdentity=null, organizationEmployees=null, numberOfLoanees=0, stillInTraining=0, numberOfCohort=0, totalDebtRepaid=null, totalCurrentDebt=null, totalHistoricalDebt=null, totalAmountReceived=null, totalAmountRequested=null, repaymentRate=0.0, debtPercentage=0.0, pendingLoanOfferCount=0, pageSize=0, pageNumber=0, actorId=null, logoImage=null, bannerImage=null, address=null, officeAddress=null)
2025-08-18 12:16:15 [restartedMain] INFO  a.n.n.d.validation.MeedlValidator - validateUUID 66a6741c-19db-4ee9-9dde-0ead276e66c8
2025-08-18 12:16:15 [restartedMain] INFO  a.n.n.i.a.o.i.OrganizationLoanDetailPersistenceAdapter - Finding organization loan detail at adapter level with id 66a6741c-19db-4ee9-9dde-0ead276e66c8
2025-08-18 12:16:15 [restartedMain] WARN  a.n.n.i.a.o.i.OrganizationLoanDetailPersistenceAdapter - No organization loan detail entity was found
2025-08-18 12:16:15 [restartedMain] INFO  a.n.n.i.a.i.r.s.AdminInitializer - No organization loan details was found for this first organization. 
------> Saving a new organization loan detail.
2025-08-18 12:16:15 [restartedMain] INFO  a.n.n.i.a.i.r.s.AdminInitializer - Organization employee identity UserIdentity(id=2f5b34d7-d37d-482d-bfa5-ca92e8fe6764, email=local@host.com, firstName=stack, lastName=ned, phoneNumber=null, emailVerified=false, isIdentityVerified=false, enabled=false, createdAt=2025-08-18T12:16:15.270409, image=null, gender=null, dateOfBirth=null, stateOfOrigin=null, maritalStatus=null, stateOfResidence=null, nationality=null, residentialAddress=null, lgaOfOrigin=null, middleName=null, State=null, lgaOfResidence=null, nameOnCard=null, role=MEEDL_SUPER_ADMIN, createdBy=fbff2481-09df-4355-937c-5ba7be44f7b5, alternateEmail=null, alternatePhoneNumber=null, alternateContactAddress=null, password=null, accessToken=null, refreshToken=null, newPassword=null, organizationDomain=null, deactivationReason=null, reactivationReason=null, bvn=null, nin=null, address=null, taxId=null, additionalDetailsCompleted=false, nextOfKin=null, bankDetail=null, MFAPhoneNumber=null, enablePhoneNumberMFA=false, enableEmailMFA=false, MFAEnabled=false, disableMFA=false)
2025-08-18 12:16:15 [restartedMain] INFO  a.n.n.d.validation.MeedlValidator - validateUUID 2f5b34d7-d37d-482d-bfa5-ca92e8fe6764
2025-08-18 12:16:15 [restartedMain] INFO  a.n.n.i.a.i.r.s.AdminInitializer - Saving first employee to db with id: 2f5b34d7-d37d-482d-bfa5-ca92e8fe6764, email local@host.com 
2025-08-18 12:16:15 [restartedMain] INFO  a.n.n.i.a.o.i.OrganizationEmployeeIdentityAdapter - Organization employee identity before map OrganizationEmployeeIdentity(id=null, userId=null, name=null, organization=66a6741c-19db-4ee9-9dde-0ead276e66c8, activationStatus=ACTIVE, identityRoles=null, activationStatuses=null, meedlUser=UserIdentity(id=2f5b34d7-d37d-482d-bfa5-ca92e8fe6764, email=local@host.com, firstName=stack, lastName=ned, phoneNumber=null, emailVerified=false, isIdentityVerified=false, enabled=false, createdAt=2025-08-18T12:16:15.270409, image=null, gender=null, dateOfBirth=null, stateOfOrigin=null, maritalStatus=null, stateOfResidence=null, nationality=null, residentialAddress=null, lgaOfOrigin=null, middleName=null, State=null, lgaOfResidence=null, nameOnCard=null, role=MEEDL_SUPER_ADMIN, createdBy=fbff2481-09df-4355-937c-5ba7be44f7b5, alternateEmail=null, alternatePhoneNumber=null, alternateContactAddress=null, password=null, accessToken=null, refreshToken=null, newPassword=null, organizationDomain=null, deactivationReason=null, reactivationReason=null, bvn=null, nin=null, address=null, taxId=null, additionalDetailsCompleted=false, nextOfKin=null, bankDetail=null, MFAPhoneNumber=null, enablePhoneNumberMFA=false, enableEmailMFA=false, MFAEnabled=false, disableMFA=false), pageNumber=0, pageSize=10)
2025-08-18 12:16:15 [restartedMain] INFO  a.n.n.i.a.o.i.OrganizationEmployeeIdentityAdapter - Organization employee entity before saving in out put port africa.nkwadoma.nkwadoma.infrastructure.adapters.output.persistence.entity.organization.OrganizationEmployeeEntity@10eee185
2025-08-18 12:16:15 [restartedMain] INFO  a.n.n.i.a.i.r.s.AdminInitializer - Created organization identity: OrganizationIdentity(id=66a6741c-19db-4ee9-9dde-0ead276e66c8, name=Meedl, email=meedl@meedl.com, websiteAddress=null, invitedDate=2025-08-18T12:16:15.631841, rcNumber=RC2892832, tin=kwadoma2189, phoneNumber=0908965321, numberOfPrograms=0, isEnabled=true, createdBy=null, updatedBy=null, loanRequestCount=0, loanDisbursalCount=0, loanOfferCount=0, loanReferralCount=0, loanType=null, timeUpdated=null, serviceOfferings=[ServiceOffering(id=null, name=TRAINING, industry=EDUCATION, transactionLowerBound=null, transactionUpperBound=null)], status=ACTIVE, userIdentity=null, organizationEmployees=[OrganizationEmployeeIdentity(id=null, userId=null, name=null, organization=66a6741c-19db-4ee9-9dde-0ead276e66c8, activationStatus=ACTIVE, identityRoles=null, activationStatuses=null, meedlUser=UserIdentity(id=2f5b34d7-d37d-482d-bfa5-ca92e8fe6764, email=local@host.com, firstName=stack, lastName=ned, phoneNumber=null, emailVerified=false, isIdentityVerified=false, enabled=false, createdAt=2025-08-18T12:16:15.270409, image=null, gender=null, dateOfBirth=null, stateOfOrigin=null, maritalStatus=null, stateOfResidence=null, nationality=null, residentialAddress=null, lgaOfOrigin=null, middleName=null, State=null, lgaOfResidence=null, nameOnCard=null, role=MEEDL_SUPER_ADMIN, createdBy=fbff2481-09df-4355-937c-5ba7be44f7b5, alternateEmail=null, alternatePhoneNumber=null, alternateContactAddress=null, password=null, accessToken=null, refreshToken=null, newPassword=null, organizationDomain=null, deactivationReason=null, reactivationReason=null, bvn=null, nin=null, address=null, taxId=null, additionalDetailsCompleted=false, nextOfKin=null, bankDetail=null, MFAPhoneNumber=null, enablePhoneNumberMFA=false, enableEmailMFA=false, MFAEnabled=false, disableMFA=false), pageNumber=0, pageSize=10)], numberOfLoanees=0, stillInTraining=0, numberOfCohort=0, totalDebtRepaid=null, totalCurrentDebt=null, totalHistoricalDebt=null, totalAmountReceived=null, totalAmountRequested=null, repaymentRate=0.0, debtPercentage=0.0, pendingLoanOfferCount=0, pageSize=0, pageNumber=0, actorId=null, logoImage=null, bannerImage=null, address=null, officeAddress=null) , employee is : OrganizationEmployeeIdentity(id=a2c7c587-a721-4f6f-af14-15b29dabd742, userId=null, name=null, organization=66a6741c-19db-4ee9-9dde-0ead276e66c8, activationStatus=ACTIVE, identityRoles=null, activationStatuses=null, meedlUser=UserIdentity(id=2f5b34d7-d37d-482d-bfa5-ca92e8fe6764, email=local@host.com, firstName=stack, lastName=ned, phoneNumber=null, emailVerified=false, isIdentityVerified=false, enabled=false, createdAt=2025-08-18T12:16:15.270409, image=null, gender=null, dateOfBirth=null, stateOfOrigin=null, maritalStatus=null, stateOfResidence=null, nationality=null, residentialAddress=null, lgaOfOrigin=null, middleName=null, State=null, lgaOfResidence=null, nameOnCard=null, role=MEEDL_SUPER_ADMIN, createdBy=fbff2481-09df-4355-937c-5ba7be44f7b5, alternateEmail=null, alternatePhoneNumber=null, alternateContactAddress=null, password=null, accessToken=null, refreshToken=null, newPassword=null, organizationDomain=null, deactivationReason=null, reactivationReason=null, bvn=null, nin=null, address=null, taxId=null, additionalDetailsCompleted=false, nextOfKin=null, bankDetail=null, MFAPhoneNumber=null, enablePhoneNumberMFA=false, enableEmailMFA=false, MFAEnabled=false, disableMFA=false), pageNumber=0, pageSize=10)
2025-08-18 12:16:15 [restartedMain] INFO  a.n.n.i.a.i.r.s.AdminInitializer - First organization ============================> OrganizationIdentity(id=66a6741c-19db-4ee9-9dde-0ead276e66c8, name=Meedl, email=meedl@meedl.com, websiteAddress=null, invitedDate=2025-08-18T12:16:15.680189, rcNumber=RC2892832, tin=kwadoma2189, phoneNumber=0908965321, numberOfPrograms=0, isEnabled=false, createdBy=null, updatedBy=null, loanRequestCount=0, loanDisbursalCount=0, loanOfferCount=0, loanReferralCount=0, loanType=null, timeUpdated=null, serviceOfferings=[ServiceOffering(id=1c6faaa0-0165-469c-b846-0aace3dc5edd, name=TRAINING, industry=EDUCATION, transactionLowerBound=0, transactionUpperBound=0)], status=ACTIVE, userIdentity=null, organizationEmployees=[OrganizationEmployeeIdentity(id=a2c7c587-a721-4f6f-af14-15b29dabd742, userId=null, name=null, organization=66a6741c-19db-4ee9-9dde-0ead276e66c8, activationStatus=ACTIVE, identityRoles=null, activationStatuses=null, meedlUser=UserIdentity(id=2f5b34d7-d37d-482d-bfa5-ca92e8fe6764, email=local@host.com, firstName=stack, lastName=ned, phoneNumber=null, emailVerified=false, isIdentityVerified=false, enabled=false, createdAt=2025-08-18T12:16:15.270409, image=null, gender=null, dateOfBirth=null, stateOfOrigin=null, maritalStatus=null, stateOfResidence=null, nationality=null, residentialAddress=null, lgaOfOrigin=null, middleName=null, State=null, lgaOfResidence=null, nameOnCard=null, role=MEEDL_SUPER_ADMIN, createdBy=fbff2481-09df-4355-937c-5ba7be44f7b5, alternateEmail=null, alternatePhoneNumber=null, alternateContactAddress=null, password=null, accessToken=null, refreshToken=null, newPassword=null, organizationDomain=null, deactivationReason=null, reactivationReason=null, bvn=null, nin=null, address=null, taxId=null, additionalDetailsCompleted=false, nextOfKin=null, bankDetail=null, MFAPhoneNumber=null, enablePhoneNumberMFA=false, enableEmailMFA=false, MFAEnabled=false, disableMFA=false), pageNumber=0, pageSize=10)], numberOfLoanees=0, stillInTraining=0, numberOfCohort=0, totalDebtRepaid=null, totalCurrentDebt=null, totalHistoricalDebt=null, totalAmountReceived=null, totalAmountRequested=null, repaymentRate=0.0, debtPercentage=0.0, pendingLoanOfferCount=0, pageSize=0, pageNumber=0, actorId=null, logoImage=null, bannerImage=null, address=null, officeAddress=null)
2025-08-18 12:16:15 [restartedMain] INFO  a.n.n.d.s.l.LoanMetricsService - Found 1 organization identity
2025-08-18 12:16:15 [restartedMain] INFO  a.n.n.d.validation.MeedlValidator - validateUUID 66a6741c-19db-4ee9-9dde-0ead276e66c8
2025-08-18 12:16:15 [restartedMain] INFO  a.n.n.i.a.o.l.LoanMetricsPersistenceAdapter - Loan metrics entity retrieved from db: Optional.empty
2025-08-18 12:16:15 [restartedMain] INFO  a.n.n.d.s.l.LoanMetricsService - Loan metrics found: Optional.empty
2025-08-18 12:16:15 [restartedMain] INFO  a.n.n.i.a.i.r.s.AdminInitializer - found meedl portfolio -- null
2025-08-18 12:16:15 [restartedMain] INFO  a.n.n.i.a.i.r.s.AdminInitializer - Meedl portfolio created successfully -- africa.nkwadoma.nkwadoma.domain.model.meedlPortfolio.Portfolio@2a5de2da
2025-08-18 12:16:15 [restartedMain] INFO  a.n.n.i.a.i.r.s.AdminInitializer - Meedl portfolio process done-- africa.nkwadoma.nkwadoma.domain.model.meedlPortfolio.Portfolio@c82a8fb
2025-08-18 12:16:15 [restartedMain] WARN  o.s.b.a.o.j.JpaBaseConfiguration$JpaWebConfiguration - spring.jpa.open-in-view is enabled by default. Therefore, database queries may be performed during view rendering. Explicitly configure spring.jpa.open-in-view to disable this warning
2025-08-18 12:16:15 [restartedMain] DEBUG o.s.s.c.a.a.c.AuthenticationConfiguration$DefaultPasswordEncoderAuthenticationManagerBuilder - No authenticationProviders and no parentAuthenticationManager defined. Returning null.
2025-08-18 12:16:16 [restartedMain] DEBUG _.s.w.s.HandlerMapping.Mappings - 
	a.n.n.i.a.i.r.c.EmailResendController:
	{POST [/loanee/refer/email/resend/{email}]}: resendEmail(String)
2025-08-18 12:16:16 [restartedMain] DEBUG _.s.w.s.HandlerMapping.Mappings - 
	a.n.n.i.a.i.r.c.FinancierController:
	{GET [/financier/search]}: search(Jwt,String,int,int,FinancierType,ActivationStatus,String)
	{GET [/financier/all/view]}: viewAllFinancier(Jwt,int,int,String,FinancierType,ActivationStatus)
	{GET [/financier/view]}: viewFinancierDetail(Jwt,String)
	{POST [/financier/vehicle/invest]}: investInVehicle(Jwt,FinancierRequest)
	{POST [/financier/complete-kyc]}: completeKyc(Jwt,KycRequest)
	{GET [/financier/search/all/investment/investment-vehicle]}: viewAllFinancierInvestment(Jwt,String,String,int,int)
	{GET [/financier/all-investment]}: viewAllFinancierInvestment(Jwt,String,int,int)
	{POST [/financier/invite]}: inviteFinancierToVehicle(Jwt,InviteFinancierRequest)
	{GET [/financier/investment-detail]}: viewFinancierInvestmentDetail(String,String,Jwt)
	{GET [/financier/investment-vehicle/all/view]}: viewAllFinancierInInvestmentVehicle(Jwt,int,int,ActivationStatus,String)
	{GET [/financier/view/investment-detail/{financierId}]}: viewInvestmentDetailOfFinancier(String,Jwt)
2025-08-18 12:16:16 [restartedMain] DEBUG _.s.w.s.HandlerMapping.Mappings - 
	a.n.n.i.a.i.r.c.HealthCheckController:
	{GET [/actuator/health]}: healthCheck()
2025-08-18 12:16:16 [restartedMain] DEBUG _.s.w.s.HandlerMapping.Mappings - 
	a.n.n.i.a.i.r.c.IdentityManagerController:
	{POST [/auth/logout]}: logout(Jwt,HttpServletRequest)
	{POST [/auth/login]}: login(LoginRequest)
	{POST [/auth/refresh-token]}: refreshToken(RefreshTokenRequest)
	{POST [/auth/password/create]}: createPassword(PasswordCreateRequest)
	{POST [/auth/password/forgotPassword/{email}]}: forgotPassword(String)
	{POST [/auth/password/reset]}: resetPassword(PasswordCreateRequest)
	{POST [/auth/manageMFA]}: manageMFA(Jwt,MFARequest)
	{GET [/auth/userDetail]}: viewUserDetail(Jwt)
	{POST [/auth/password/change]}: changePassword(Jwt,PasswordChangeRequest)
	{POST [/auth/user/reactivate]}: reactivateUser(Jwt,AccountActivationRequest)
	{POST [/auth/user/deactivate]}: deactivateUser(Jwt,AccountActivationRequest)
2025-08-18 12:16:16 [restartedMain] DEBUG _.s.w.s.HandlerMapping.Mappings - 
	a.n.n.i.a.i.r.c.IdentityVerificationController:
	{POST [/identity/verification/verify]}: verifyIdentity(Jwt,IdentityVerificationRequest)
	{POST [/identity/verification/failure-record/create]}: identityVerificationFailed(IdentityVerificationFailureRecordRequest)
2025-08-18 12:16:16 [restartedMain] DEBUG _.s.w.s.HandlerMapping.Mappings - 
	a.n.n.i.a.i.r.c.InvestmentVehicleController:
	{POST [/investment-vehicle/visibility]}: setUpVisibility(InvestmentVehicleVisibilityRequest)
	{GET [/fund-stack-holders]}: viewFundShareHolders()
	{POST [/investment-vehicle]}: setUpInvestmentVehicle(SetUpInvestmentVehicleRequest)
	{GET [/investmentVehicle/search/financier/{investmentVehicleName}]}: searchMyInvestment(Jwt,String,InvestmentVehicleType,int,int)
	{DELETE [/delete-investment-vehicle/{investmentVehicleId}]}: deleteInvestmentVehicle(String)
	{GET [/investmentvehicle/search/{investmentVehicleName}]}: searchInvestmentVehicle(Jwt,String,InvestmentVehicleType,InvestmentVehicleStatus,int,int)
	{GET [/investment-vehicle-details/{investmentVehicleId}]}: viewInvestmentVehicleDetails(Jwt,String)
	{GET [/investment-vehicle/all/view/by]}: viewAllInvestmentVehicleBy(int,int,InvestmentVehicleType,InvestmentVehicleStatus,InvestmentVehicleMode,String,Jwt)
	{POST [/investment-vehicle/status]}: setUpInvestmentVehicleStatus(InvestmentVehicleOperationStatusRequest)
	{GET [/view-all-investment-vehicle]}: viewAllInvestmentVehicleDetails(Jwt,int,int)
	{GET [/investment-vehicle/detail/link/{investmentVehicleLink}]}: viewInvestmentVehicleDetailsViaLink(String)
	{GET [/investmentVehicle/all/financier]}: viewAllInvestmentVehicleInvestedInOrAddedTo(Jwt,String,InvestmentVehicleType,int,int)
2025-08-18 12:16:16 [restartedMain] DEBUG _.s.w.s.HandlerMapping.Mappings - 
	a.n.n.i.a.i.r.c.MeedlNotificationController:
	{GET [/view-notification]}: viewNotification(Jwt,String)
	{GET [/view-all-notification]}: viewAllNotification(Jwt,int,int)
	{GET [/search-notification]}: searchNotification(Jwt,String,int,int)
	{GET [/notification-count]}: notificationCount(Jwt)
	{DELETE [/notification/delete]}: deleteNotifications(Jwt,List)
2025-08-18 12:16:16 [restartedMain] DEBUG _.s.w.s.HandlerMapping.Mappings - 
	a.n.n.i.a.i.r.c.NextOfKinController:
	{POST [/additional-details]}: createNextOfKin(NextOfKinRequest,Jwt)
2025-08-18 12:16:16 [restartedMain] DEBUG _.s.w.s.HandlerMapping.Mappings - 
	a.n.n.i.a.i.r.c.PortfolioController:
	{GET [/meedl-portfolio/view]}: viewMeedlPortfolio()
2025-08-18 12:16:16 [restartedMain] DEBUG _.s.w.s.HandlerMapping.Mappings - 
	a.n.n.i.a.i.r.c.e.CohortController:
	{GET [/cohort/loanbreakdown]}: getLoanBreakDown(String)
	{GET [/cohort-details]}: viewCohortDetails(Jwt,String)
	{GET [/searchCohort]}: searchCohort(Jwt,String,String,String,CohortStatus,CohortType,int,int)
	{DELETE [/delete/{id}]}: deleteCohort(String)
	{POST [/cohort/create]}: createCohort(Jwt,CreateCohortRequest)
	{POST [/cohort/edit]}: editCohort(Jwt,EditCohortRequest)
	{POST [/cohort/loanee/refer]}: inviteCohort(Jwt,ReferCohortRequest)
	{GET [/cohort/all]}: viewAllCohortsInAProgram(String,CohortStatus,int,int)
	{GET [/organization-cohort/all]}: viewAllCohortsInOrganization(Jwt,String,CohortStatus,CohortType,int,int)
2025-08-18 12:16:16 [restartedMain] DEBUG _.s.w.s.HandlerMapping.Mappings - 
	a.n.n.i.a.i.r.c.e.ProgramController:
	{GET [/program/{id}]}: viewProgramByID(String)
	{GET [/program/programs/all]}: viewAllPrograms(Jwt,String,int,int)
	{GET [/program/search]}: searchProgramByName(String,Jwt,int,int)
	{PATCH [/program/edit]}: updateProgram(ProgramUpdateRequest,Jwt)
	{DELETE [/program/delete/{id}]}: deleteProgram(String)
	{POST [/program]}: createProgram(ProgramCreateRequest,Jwt)
2025-08-18 12:16:16 [restartedMain] DEBUG _.s.w.s.HandlerMapping.Mappings - 
	a.n.n.i.a.i.r.c.l.LoanController:
	{POST [/loan/loan-product/update]}: updateLoanProduct(LoanProductRequest)
	{POST [/loan/accept/loan-offer]}: acceptLoanOffer(Jwt,LoanOfferAcceptRequest)
	{GET [/loan/filter-by-program]}: filterLoanByProgram(String,String,LoanType,int,int)
	{POST [/loan/loan-product/create]}: createLoanProduct(Jwt,LoanProductRequest)
	{GET [/loan/loan-product/all]}: viewAllLoanProduct(Jwt,int,int)
	{GET [/loan/search/loanee]}: searchDisbursedLoan(String,String,Jwt,int,int)
	{GET [/loan/loan-product/search]}: searchLoanProduct(String,int,int)
	{GET [/loan/loan-disbursals/{loanId}]}: viewLoanDetailsById(String)
	{GET [/loan/view-all-disbursal]}: viewAllDisbursedLoan(String,String,int,int,Jwt)
	{GET [/loan/total]}: viewTotalAmount(Jwt,String)
	{GET [/loan/loanOffer/all]}: viewLoanOffers(Jwt,String,int,int)
	{GET [/loan/view-loan-offer/{loanOfferId}]}: viewLoanOffer(Jwt,String)
	{GET [/loan/search-loan]}: searchLoan(String,String,LoanType,String,int,int)
	{POST [/loan/start]}: startLoan(String,String)
	{GET [/loan/loan-product/view-details-by-id]}: viewLoanProductDetailsById(String)
2025-08-18 12:16:16 [restartedMain] DEBUG _.s.w.s.HandlerMapping.Mappings - 
	a.n.n.i.a.i.r.c.l.LoanReferralController:
	{GET [/loan-referral]}: viewLoanReferral(Jwt,String)
	{POST [/loan-referrals/respond]}: respondToLoanReferral(Jwt,LoanReferralResponseRequest)
	{GET [/loanee/loan-referrals]}: viewAllLoanReferralsForLoanee(Jwt,int,int)
2025-08-18 12:16:16 [restartedMain] DEBUG _.s.w.s.HandlerMapping.Mappings - 
	a.n.n.i.a.i.r.c.l.LoanRequestController:
	{GET [/loan/loan-requests]}: viewAllLoanRequests(int,int,String,Jwt)
	{GET [/loan/loan-requests/{id}]}: viewLoanRequestDetails(String,Jwt)
	{POST [/loan/loan-request/response]}: respondToLoanRequest(Jwt,LoanRequestDto)
2025-08-18 12:16:16 [restartedMain] DEBUG _.s.w.s.HandlerMapping.Mappings - 
	a.n.n.i.a.i.r.c.l.LoaneeController:
	{POST [/loanee/cohort]}: addLoaneeToCohort(Jwt,LoaneeRequest)
	{GET [/loanee/loan/detail]}: viewLoaneeLoanDetail(String)
	{GET [/loanee/cohorts/loanees]}: viewAllLoaneeInCohort(String,int,int,LoaneeStatus,LoanStatus,UploadedStatus)
	{POST [/loanee/indicate/dropout]}: indicateDropOutLoanee(Jwt,String)
	{POST [/loanee/self/dropout]}: dropOutFromCohort(Jwt,String,String)
	{GET [/loanee/cohorts/loanee]}: viewLoaneeInCohort(String,String)
	{POST [/loanee/defer]}: indicateDeferLoanee(Jwt,LoaneeDeferRequest)
	{GET [/loanee/all/search]}: searchAllLoanees(Jwt,String,int,int)
	{GET [/loanee/{loaneeId}]}: viewLoaneeDetails(String,Jwt)
	{GET [/loanee/all]}: viewAllLoanees(Jwt,int,int)
	{POST [/loanee/invite/{cohortId}]}: inviteLoanees(Jwt,String,List)
	{POST [/loanee/defer/loan]}: deferLoan(Jwt,String,String)
	{PUT [/loanee/resume/program]}: resumeProgram(Jwt,String,String)
	{GET [/loanee/cohorts/search/loanees]}: searchForLoaneeInCohort(String,String,LoaneeStatus,UploadedStatus,int,int)
	{POST [/loanee/status]}: archiveOrUnArchiveLoanee(LoaneeStatusRequest)
	{GET [/loanee/loanProduct/loanees/{loanProductId}]}: viewAllLoanBeneficiaryFromLoanProduct(String,int,int)
	{GET [/loanee/loan-product/search/loanees/{loanProductId}]}: searchLoanBeneficiaryFromLoanProduct(String,String,int,int)
2025-08-18 12:16:16 [restartedMain] DEBUG _.s.w.s.HandlerMapping.Mappings - 
	a.n.n.i.a.i.r.c.l.l.LoanBookController:
	{POST [/loan/book/upload/{cohortId}/file/loanee/data], consumes [multipart/form-data]}: uploadLoanBookUserData(Jwt,MultipartFile,String)
	{POST [/loan/book/upload/{cohortId}/file/loanee/repayment/record], consumes [multipart/form-data]}: uploadLoanBookRepaymentRecord(Jwt,MultipartFile,String)
2025-08-18 12:16:16 [restartedMain] DEBUG _.s.w.s.HandlerMapping.Mappings - 
	a.n.n.i.a.i.r.c.l.l.RepaymentHistoryController:
	{GET [/repayment/history/years]}: getFirstAndLastYear(Jwt,String)
	{GET [/repayment/history/search]}: searchRepaymentHistory(Jwt,String,Integer,Integer,int,int)
	{GET [/repayment/history/all]}: viewAllRepaymentHistory(Jwt,String,Integer,Integer,int,int)
2025-08-18 12:16:16 [restartedMain] DEBUG _.s.w.s.HandlerMapping.Mappings - 
	a.n.n.i.a.i.r.c.o.OrganizationController:
	{GET [/organization/all]}: viewAllOrganization(int,int)
	{POST [/organization/invite]}: inviteOrganization(Jwt,OrganizationRequest)
	{POST [/organization/reactivate]}: reactivateOrganization(AccountActivationRequest)
	{POST [/organization/deactivate]}: deactivateOrganization(AccountActivationRequest)
	{PATCH [/organization/update]}: updateOrganization(OrganizationUpdateRequest,Jwt)
	{POST [/organization/colleague/invite]}: inviteColleague(Jwt,InviteColleagueRequest)
	{POST [/organization/reference/data]}: referenceData()
	{GET [/organization/details]}: viewOrganizationDetails(String,Jwt)
	{GET [/organization/all/status]}: viewAllOrganizationByStatus(int,int,ActivationStatus)
	{POST [/organization/approve/invite]}: respondToOrganizationInvite(Jwt,OrganizationDecisionRequest)
	{GET [/organization/search]}: searchOrganizationByName(String,ActivationStatus,LoanType,int,int)
	{GET [/organizations]}: viewAllOrganizationWithLoanRequest(LoanType,int,int)
	{GET [/organization]}: viewTopOrganizationByLoanRequest()
2025-08-18 12:16:16 [restartedMain] DEBUG _.s.w.s.HandlerMapping.Mappings - 
	a.n.n.i.a.i.r.c.o.OrganizationEmployeeController:
	{GET [/organization/employees/{organizationId}]}: viewOrganizationEmployees(String,int,int)
	{GET [/organization/view-all/admin]}: viewAllAdminInOrganization(Jwt,String,Set,Set,int,int)
	{GET [/organization/search-admin]}: searchAllAdminInOrganization(String,String,int,int)
	{POST [/organization/approve/invite/colleague]}: respondToColleagueInvite(String)
2025-08-18 12:16:16 [restartedMain] DEBUG _.s.w.s.HandlerMapping.Mappings - 
	o.s.b.a.w.s.e.BasicErrorController:
	{ [/error]}: error(HttpServletRequest)
	{ [/error], produces [text/html]}: errorHtml(HttpServletRequest,HttpServletResponse)
2025-08-18 12:16:16 [restartedMain] DEBUG _.s.w.s.HandlerMapping.Mappings - 
	o.s.w.a.OpenApiWebMvcResource:
	{GET [/v3/api-docs], produces [application/json]}: openapiJson(HttpServletRequest,String,Locale)
	{GET [/v3/api-docs.yaml], produces [application/vnd.oai.openapi]}: openapiYaml(HttpServletRequest,String,Locale)
2025-08-18 12:16:16 [restartedMain] DEBUG _.s.w.s.HandlerMapping.Mappings - 
	o.s.w.u.SwaggerWelcomeWebMvc:
	{GET [/swagger-ui.html]}: redirectToUi(HttpServletRequest)
2025-08-18 12:16:16 [restartedMain] DEBUG _.s.w.s.HandlerMapping.Mappings - 
	o.s.w.u.SwaggerConfigResource:
	{GET [/v3/api-docs/swagger-config], produces [application/json]}: openapiJson(HttpServletRequest)
2025-08-18 12:16:16 [restartedMain] DEBUG _.s.w.s.HandlerMapping.Mappings - 'beanNameHandlerMapping' {}
2025-08-18 12:16:16 [restartedMain] DEBUG _.s.w.s.HandlerMapping.Mappings - 'resourceHandlerMapping' {/webjars/**=ResourceHttpRequestHandler [classpath [META-INF/resources/webjars/]], /**=ResourceHttpRequestHandler [classpath [META-INF/resources/], classpath [resources/], classpath [static/], classpath [public/], ServletContext [/]], /swagger-ui*/*swagger-initializer.js=ResourceHttpRequestHandler [classpath [META-INF/resources/webjars/]], /swagger-ui*/**=ResourceHttpRequestHandler [classpath [META-INF/resources/webjars/]]}
2025-08-18 12:16:16 [restartedMain] INFO  o.s.b.a.e.web.EndpointLinksResolver - Exposing 1 endpoint beneath base path '/actuator'
2025-08-18 12:16:16 [restartedMain] DEBUG o.s.s.web.DefaultSecurityFilterChain - Will secure any request with filters: DisableEncodeUrlFilter, WebAsyncManagerIntegrationFilter, SecurityContextHolderFilter, HeaderWriterFilter, CorsFilter, LogoutFilter, BearerTokenAuthenticationFilter, RequestCacheAwareFilter, SecurityContextHolderAwareRequestFilter, AnonymousAuthenticationFilter, SessionManagementFilter, ExceptionTranslationFilter, AuthorizationFilter
2025-08-18 12:16:16 [restartedMain] INFO  o.s.b.d.a.OptionalLiveReloadServer - LiveReload server is running on port 35830
2025-08-18 12:16:17 [restartedMain] INFO  o.a.coyote.http11.Http11NioProtocol - Starting ProtocolHandler ["http-nio-8081"]
2025-08-18 12:16:17 [restartedMain] INFO  o.s.b.w.e.tomcat.TomcatWebServer - Tomcat started on port 8081 (http) with context path '/api/v2'
2025-08-18 12:16:17 [restartedMain] INFO  a.n.nkwadoma.NkwadomaApplication - Started NkwadomaApplication in 8.654 seconds (process running for 14.444)
2025-08-18 12:16:17 [restartedMain] INFO  a.n.n.i.a.i.r.s.AdminInitializer - 
Onstart - Context path: /api/v2 
version ----------> /api/v2 
profile --------------> local
port ------------>8081
2025-08-18 12:24:56 [HikariPool-1 housekeeper] WARN  com.zaxxer.hikari.pool.HikariPool - HikariPool-1 - Thread starvation or clock leap detected (housekeeper delta=2m15s943ms).
